Quanjing/manifest-merger-release-report.txt
-- Merging decision tree log ---
manifest
ADDED from AndroidManifest.xml:2:1
	xmlns:android
		ADDED from AndroidManifest.xml:2:11
	package
		ADDED from AndroidManifest.xml:3:5
	android:versionName
		INJECTED from AndroidManifest.xml:0:0
		INJECTED from AndroidManifest.xml:0:0
	android:versionCode
		INJECTED from AndroidManifest.xml:0:0
		INJECTED from AndroidManifest.xml:0:0
uses-permission#android.permission.INTERNET
ADDED from AndroidManifest.xml:5:5
	android:name
		ADDED from AndroidManifest.xml:5:22
uses-permission#android.permission.WRITE_EXTERNAL_STORAGE
ADDED from AndroidManifest.xml:6:5
	android:name
		ADDED from AndroidManifest.xml:6:22
uses-permission#android.permission.GET_TASKS
ADDED from AndroidManifest.xml:7:5
	android:name
		ADDED from AndroidManifest.xml:7:22
uses-permission#android.permission.ACCESS_WIFI_STATE
ADDED from AndroidManifest.xml:8:5
	android:name
		ADDED from AndroidManifest.xml:8:22
uses-permission#android.permission.ACCESS_NETWORK_STATE
ADDED from AndroidManifest.xml:9:5
	android:name
		ADDED from AndroidManifest.xml:9:22
uses-permission#android.permission.CHANGE_WIFI_STATE
ADDED from AndroidManifest.xml:10:5
	android:name
		ADDED from AndroidManifest.xml:10:22
uses-permission#android.permission.READ_PHONE_STATE
ADDED from AndroidManifest.xml:11:5
	android:name
		ADDED from AndroidManifest.xml:11:22
uses-permission#android.permission.MANAGE_ACCOUNTS
ADDED from AndroidManifest.xml:12:5
	android:name
		ADDED from AndroidManifest.xml:12:22
uses-permission#android.permission.GET_ACCOUNTS
ADDED from AndroidManifest.xml:13:5
	android:name
		ADDED from AndroidManifest.xml:13:22
application
ADDED from AndroidManifest.xml:15:5
MERGED from com.android.support:appcompat-v7:19.1.0:19:5
MERGED from com.android.support:support-v4:21.0.2:16:5
MERGED from 全景Android App源码20141020:Weitu:unspecified:13:5
MERGED from com.android.support:appcompat-v7:19.1.0:19:5
MERGED from com.android.support:support-v4:21.0.2:16:5
MERGED from 全景Android App源码20141020:PullToRefresh:unspecified:13:5
MERGED from 全景Android App源码20141020:StaggeredGridView:unspecified:11:5
MERGED from com.android.support:support-v13:21.0.2:16:5
MERGED from com.android.support:support-v4:21.0.2:16:5
MERGED from com.android.support:support-v13:21.0.2:16:5
MERGED from com.android.support:support-v4:21.0.2:16:5
MERGED from 全景Android App源码20141020:SVProgressHUD:unspecified:11:5
MERGED from 全景Android App源码20141020:CircularImageView:unspecified:13:5
MERGED from com.android.support:support-v13:21.0.2:16:5
MERGED from com.android.support:support-v4:21.0.2:16:5
MERGED from 全景Android App源码20141020:StaggeredGridView:unspecified:11:5
MERGED from com.android.support:support-v13:21.0.2:16:5
MERGED from com.android.support:support-v4:21.0.2:16:5
MERGED from com.android.support:support-v13:21.0.2:16:5
MERGED from com.android.support:support-v4:21.0.2:16:5
MERGED from com.android.support:support-v13:21.0.2:16:5
MERGED from com.android.support:support-v4:21.0.2:16:5
	android:label
		ADDED from AndroidManifest.xml:19:9
	android:allowBackup
		ADDED from AndroidManifest.xml:17:9
	android:icon
		ADDED from AndroidManifest.xml:18:9
	android:theme
		ADDED from AndroidManifest.xml:21:9
	android:largeHeap
		ADDED from AndroidManifest.xml:20:9
	android:name
		ADDED from AndroidManifest.xml:16:9
activity#com.quanjing.quanjing.app.ui.IndexActivity
ADDED from AndroidManifest.xml:22:9
	android:label
		ADDED from AndroidManifest.xml:24:13
	android:theme
		ADDED from AndroidManifest.xml:25:13
	android:name
		ADDED from AndroidManifest.xml:23:13
intent-filter#android.intent.action.MAIN+android.intent.category.LAUNCHER
ADDED from AndroidManifest.xml:26:13
action#android.intent.action.MAIN
ADDED from AndroidManifest.xml:27:17
	android:name
		ADDED from AndroidManifest.xml:27:25
category#android.intent.category.LAUNCHER
ADDED from AndroidManifest.xml:29:17
	android:name
		ADDED from AndroidManifest.xml:29:27
activity#com.quanjing.quanjing.app.ui.MQJMainActivity
ADDED from AndroidManifest.xml:32:9
	android:screenOrientation
		ADDED from AndroidManifest.xml:35:13
	android:label
		ADDED from AndroidManifest.xml:34:13
	android:name
		ADDED from AndroidManifest.xml:33:13
meta-data#UMENG_APPKEY
ADDED from AndroidManifest.xml:37:9
	android:name
		ADDED from AndroidManifest.xml:38:13
	android:value
		ADDED from AndroidManifest.xml:39:13
meta-data#UMENG_CHANNEL
ADDED from AndroidManifest.xml:40:9
	android:name
		ADDED from AndroidManifest.xml:41:13
	android:value
		ADDED from AndroidManifest.xml:42:13
activity#com.quanjing.quanjing.app.ui.DailyPicActivity
ADDED from AndroidManifest.xml:44:9
	android:label
		ADDED from AndroidManifest.xml:46:13
	android:name
		ADDED from AndroidManifest.xml:45:13
uses-sdk
INJECTED from AndroidManifest.xml:0:0 reason: use-sdk injection requested
MERGED from com.android.support:appcompat-v7:19.1.0:18:5
MERGED from com.android.support:support-v4:21.0.2:15:5
MERGED from 全景Android App源码20141020:Weitu:unspecified:7:5
MERGED from com.android.support:appcompat-v7:19.1.0:18:5
MERGED from com.android.support:support-v4:21.0.2:15:5
MERGED from 全景Android App源码20141020:PullToRefresh:unspecified:7:5
MERGED from 全景Android App源码20141020:StaggeredGridView:unspecified:7:5
MERGED from com.android.support:support-v13:21.0.2:15:5
MERGED from com.android.support:support-v4:21.0.2:15:5
MERGED from com.android.support:support-v13:21.0.2:15:5
MERGED from com.android.support:support-v4:21.0.2:15:5
MERGED from 全景Android App源码20141020:IconicDroid:unspecified:7:5
MERGED from 全景Android App源码20141020:SVProgressHUD:unspecified:7:5
MERGED from 全景Android App源码20141020:CircularImageView:unspecified:7:5
MERGED from 全景Android App源码20141020:ImageChooser:unspecified:7:5
MERGED from com.android.support:support-v13:21.0.2:15:5
MERGED from com.android.support:support-v4:21.0.2:15:5
MERGED from 全景Android App源码20141020:StaggeredGridView:unspecified:7:5
MERGED from com.android.support:support-v13:21.0.2:15:5
MERGED from com.android.support:support-v4:21.0.2:15:5
MERGED from com.android.support:support-v13:21.0.2:15:5
MERGED from com.android.support:support-v4:21.0.2:15:5
MERGED from com.android.support:support-v13:21.0.2:15:5
MERGED from com.android.support:support-v4:21.0.2:15:5
	android:targetSdkVersion
		INJECTED from AndroidManifest.xml:0:0
		INJECTED from AndroidManifest.xml:0:0
	android:minSdkVersion
		INJECTED from AndroidManifest.xml:0:0
		INJECTED from AndroidManifest.xml:0:0
library
ADDED from 全景Android App源码20141020:Weitu:unspecified:11:5
activity#com.quanjing.weitu.app.ui.asset.MWTAssetActivity
ADDED from 全景Android App源码20141020:Weitu:unspecified:14:9
	android:screenOrientation
		ADDED from 全景Android App源码20141020:Weitu:unspecified:17:13
	android:label
		ADDED from 全景Android App源码20141020:Weitu:unspecified:16:13
	android:name
		ADDED from 全景Android App源码20141020:Weitu:unspecified:15:13
activity#com.quanjing.weitu.app.ui.search.MWTSearchActivity
ADDED from 全景Android App源码20141020:Weitu:unspecified:18:9
	android:screenOrientation
		ADDED from 全景Android App源码20141020:Weitu:unspecified:21:13
	android:label
		ADDED from 全景Android App源码20141020:Weitu:unspecified:20:13
	android:name
		ADDED from 全景Android App源码20141020:Weitu:unspecified:19:13
activity#com.quanjing.weitu.app.ui.category.MWTCategoryFlowActivity
ADDED from 全景Android App源码20141020:Weitu:unspecified:22:9
	android:screenOrientation
		ADDED from 全景Android App源码20141020:Weitu:unspecified:25:13
	android:label
		ADDED from 全景Android App源码20141020:Weitu:unspecified:24:13
	android:name
		ADDED from 全景Android App源码20141020:Weitu:unspecified:23:13
activity#com.quanjing.weitu.app.ui.feed.MWTFeedFlowActivity
ADDED from 全景Android App源码20141020:Weitu:unspecified:26:9
	android:screenOrientation
		ADDED from 全景Android App源码20141020:Weitu:unspecified:29:13
	android:label
		ADDED from 全景Android App源码20141020:Weitu:unspecified:28:13
	android:name
		ADDED from 全景Android App源码20141020:Weitu:unspecified:27:13
activity#cn.sharesdk.framework.ShareSDKUIShell
ADDED from 全景Android App源码20141020:Weitu:unspecified:30:9
	android:windowSoftInputMode
		ADDED from 全景Android App源码20141020:Weitu:unspecified:35:13
	android:screenOrientation
		ADDED from 全景Android App源码20141020:Weitu:unspecified:33:13
	android:configChanges
		ADDED from 全景Android App源码20141020:Weitu:unspecified:32:13
	android:theme
		ADDED from 全景Android App源码20141020:Weitu:unspecified:34:13
	android:name
		ADDED from 全景Android App源码20141020:Weitu:unspecified:31:13
intent-filter#android.intent.action.VIEW+android.intent.category.BROWSABLE+android.intent.category.DEFAULT
ADDED from 全景Android App源码20141020:Weitu:unspecified:36:13
data
ADDED from 全景Android App源码20141020:Weitu:unspecified:37:17
	android:scheme
		ADDED from 全景Android App源码20141020:Weitu:unspecified:37:23
action#android.intent.action.VIEW
ADDED from 全景Android App源码20141020:Weitu:unspecified:39:17
	android:name
		ADDED from 全景Android App源码20141020:Weitu:unspecified:39:25
category#android.intent.category.BROWSABLE
ADDED from 全景Android App源码20141020:Weitu:unspecified:41:17
	android:name
		ADDED from 全景Android App源码20141020:Weitu:unspecified:41:27
category#android.intent.category.DEFAULT
ADDED from 全景Android App源码20141020:Weitu:unspecified:42:17
	android:name
		ADDED from 全景Android App源码20141020:Weitu:unspecified:42:27
activity#com.quanjing.weitu.app.wxapi.WXEntryActivity
ADDED from 全景Android App源码20141020:Weitu:unspecified:45:9
	android:screenOrientation
		ADDED from 全景Android App源码20141020:Weitu:unspecified:49:13
	android:configChanges
		ADDED from 全景Android App源码20141020:Weitu:unspecified:47:13
	android:theme
		ADDED from 全景Android App源码20141020:Weitu:unspecified:50:13
	android:exported
		ADDED from 全景Android App源码20141020:Weitu:unspecified:48:13
	android:name
		ADDED from 全景Android App源码20141020:Weitu:unspecified:46:13
activity#com.quanjing.weitu.app.ui.user.MWTAuthSelectActivity
ADDED from 全景Android App源码20141020:Weitu:unspecified:51:9
	android:screenOrientation
		ADDED from 全景Android App源码20141020:Weitu:unspecified:54:13
	android:label
		ADDED from 全景Android App源码20141020:Weitu:unspecified:53:13
	android:name
		ADDED from 全景Android App源码20141020:Weitu:unspecified:52:13
activity#com.quanjing.weitu.app.ui.user.MWTSMSAuthRequestActivity
ADDED from 全景Android App源码20141020:Weitu:unspecified:55:9
	android:screenOrientation
		ADDED from 全景Android App源码20141020:Weitu:unspecified:58:13
	android:label
		ADDED from 全景Android App源码20141020:Weitu:unspecified:57:13
	android:name
		ADDED from 全景Android App源码20141020:Weitu:unspecified:56:13
activity#com.quanjing.weitu.app.ui.user.MWTSMSAuthVerifyActivity
ADDED from 全景Android App源码20141020:Weitu:unspecified:59:9
	android:screenOrientation
		ADDED from 全景Android App源码20141020:Weitu:unspecified:62:13
	android:label
		ADDED from 全景Android App源码20141020:Weitu:unspecified:61:13
	android:name
		ADDED from 全景Android App源码20141020:Weitu:unspecified:60:13
activity#com.quanjing.weitu.app.ui.user.MWTPasswordLoginActivity
ADDED from 全景Android App源码20141020:Weitu:unspecified:63:9
	android:screenOrientation
		ADDED from 全景Android App源码20141020:Weitu:unspecified:66:13
	android:label
		ADDED from 全景Android App源码20141020:Weitu:unspecified:65:13
	android:name
		ADDED from 全景Android App源码20141020:Weitu:unspecified:64:13
activity#com.quanjing.weitu.app.ui.user.MWTLicenseActivity
ADDED from 全景Android App源码20141020:Weitu:unspecified:67:9
	android:screenOrientation
		ADDED from 全景Android App源码20141020:Weitu:unspecified:70:13
	android:label
		ADDED from 全景Android App源码20141020:Weitu:unspecified:69:13
	android:name
		ADDED from 全景Android App源码20141020:Weitu:unspecified:68:13
meta-data#android.support.PARENT_ACTIVITY
ADDED from 全景Android App源码20141020:Weitu:unspecified:71:13
	android:name
		ADDED from 全景Android App源码20141020:Weitu:unspecified:72:17
	android:value
		ADDED from 全景Android App源码20141020:Weitu:unspecified:73:17
activity#com.quanjing.weitu.app.ui.settings.MWTSettingsActivity
ADDED from 全景Android App源码20141020:Weitu:unspecified:75:9
	android:screenOrientation
		ADDED from 全景Android App源码20141020:Weitu:unspecified:78:13
	android:label
		ADDED from 全景Android App源码20141020:Weitu:unspecified:77:13
	android:name
		ADDED from 全景Android App源码20141020:Weitu:unspecified:76:13
activity#com.quanjing.weitu.app.ui.user.MWTUserInfoEditActivity
ADDED from 全景Android App源码20141020:Weitu:unspecified:79:9
	android:screenOrientation
		ADDED from 全景Android App源码20141020:Weitu:unspecified:82:13
	android:label
		ADDED from 全景Android App源码20141020:Weitu:unspecified:81:13
	android:name
		ADDED from 全景Android App源码20141020:Weitu:unspecified:80:13
activity#com.quanjing.weitu.app.ui.found.MWTContentActivity
ADDED from 全景Android App源码20141020:Weitu:unspecified:83:9
	android:screenOrientation
		ADDED from 全景Android App源码20141020:Weitu:unspecified:85:13
	android:name
		ADDED from 全景Android App源码20141020:Weitu:unspecified:84:13
activity#com.quanjing.weitu.app.ui.found.ShowWebImageActivity
ADDED from 全景Android App源码20141020:Weitu:unspecified:86:9
	android:screenOrientation
		ADDED from 全景Android App源码20141020:Weitu:unspecified:88:13
	android:name
		ADDED from 全景Android App源码20141020:Weitu:unspecified:87:13
activity#com.quanjing.weitu.app.ui.found.TempActivity
ADDED from 全景Android App源码20141020:Weitu:unspecified:89:9
	android:label
		ADDED from 全景Android App源码20141020:Weitu:unspecified:91:13
	android:name
		ADDED from 全景Android App源码20141020:Weitu:unspecified:90:13
activity#com.quanjing.weitu.app.ui.user.MWTUploadPicActivity
ADDED from 全景Android App源码20141020:Weitu:unspecified:92:9
	android:label
		ADDED from 全景Android App源码20141020:Weitu:unspecified:94:13
	android:name
		ADDED from 全景Android App源码20141020:Weitu:unspecified:93:13
	android:launchMode
		ADDED from 全景Android App源码20141020:Weitu:unspecified:95:13
activity#com.quanjing.weitu.app.ui.photo.AlbumActivity
ADDED from 全景Android App源码20141020:Weitu:unspecified:97:9
	android:label
		ADDED from 全景Android App源码20141020:Weitu:unspecified:99:13
	android:name
		ADDED from 全景Android App源码20141020:Weitu:unspecified:98:13
activity#com.quanjing.weitu.app.ui.photo.GalleryActivity
ADDED from 全景Android App源码20141020:Weitu:unspecified:101:9
	android:label
		ADDED from 全景Android App源码20141020:Weitu:unspecified:103:13
	android:name
		ADDED from 全景Android App源码20141020:Weitu:unspecified:102:13
activity#com.quanjing.weitu.app.ui.photo.ImageFileActivity
ADDED from 全景Android App源码20141020:Weitu:unspecified:105:9
	android:label
		ADDED from 全景Android App源码20141020:Weitu:unspecified:107:13
	android:name
		ADDED from 全景Android App源码20141020:Weitu:unspecified:106:13
activity#com.quanjing.weitu.app.ui.photo.ShowAllPhotoActivity
ADDED from 全景Android App源码20141020:Weitu:unspecified:109:9
	android:label
		ADDED from 全景Android App源码20141020:Weitu:unspecified:111:13
	android:name
		ADDED from 全景Android App源码20141020:Weitu:unspecified:110:13
activity#com.quanjing.weitu.app.ui.asset.MWTCommentActivity
ADDED from 全景Android App源码20141020:Weitu:unspecified:113:9
	android:label
		ADDED from 全景Android App源码20141020:Weitu:unspecified:115:13
	android:name
		ADDED from 全景Android App源码20141020:Weitu:unspecified:114:13
activity#com.quanjing.weitu.app.ui.user.MWTFollowerActivity
ADDED from 全景Android App源码20141020:Weitu:unspecified:117:9
	android:label
		ADDED from 全景Android App源码20141020:Weitu:unspecified:119:13
	android:name
		ADDED from 全景Android App源码20141020:Weitu:unspecified:118:13
activity#com.quanjing.weitu.app.ui.user.MWTFollowingsActivity
ADDED from 全景Android App源码20141020:Weitu:unspecified:121:9
	android:label
		ADDED from 全景Android App源码20141020:Weitu:unspecified:123:13
	android:name
		ADDED from 全景Android App源码20141020:Weitu:unspecified:122:13
activity#com.quanjing.weitu.app.ui.beauty.MWTDualActivity
ADDED from 全景Android App源码20141020:Weitu:unspecified:125:9
	android:label
		ADDED from 全景Android App源码20141020:Weitu:unspecified:127:13
	android:name
		ADDED from 全景Android App源码20141020:Weitu:unspecified:126:13
activity#com.quanjing.weitu.app.ui.user.MWTUserInfoActivity
ADDED from 全景Android App源码20141020:Weitu:unspecified:129:9
	android:label
		ADDED from 全景Android App源码20141020:Weitu:unspecified:131:13
	android:name
		ADDED from 全景Android App源码20141020:Weitu:unspecified:130:13
activity#com.quanjing.weitu.app.ui.user.LocalAlbumActivity
ADDED from 全景Android App源码20141020:Weitu:unspecified:133:9
	android:label
		ADDED from 全景Android App源码20141020:Weitu:unspecified:135:13
	android:name
		ADDED from 全景Android App源码20141020:Weitu:unspecified:134:13
activity#com.quanjing.weitu.app.ui.user.MWTImageFlowActivity
ADDED from 全景Android App源码20141020:Weitu:unspecified:137:9
	android:label
		ADDED from 全景Android App源码20141020:Weitu:unspecified:139:13
	android:name
		ADDED from 全景Android App源码20141020:Weitu:unspecified:138:13
activity#com.quanjing.weitu.app.ui.user.ImageEditorActivity
ADDED from 全景Android App源码20141020:Weitu:unspecified:141:9
	android:label
		ADDED from 全景Android App源码20141020:Weitu:unspecified:143:13
	android:name
		ADDED from 全景Android App源码20141020:Weitu:unspecified:142:13
activity#com.quanjing.weitu.app.ui.user.MWTOtherUserActivity
ADDED from 全景Android App源码20141020:Weitu:unspecified:145:9
	android:label
		ADDED from 全景Android App源码20141020:Weitu:unspecified:147:13
	android:name
		ADDED from 全景Android App源码20141020:Weitu:unspecified:146:13
activity#com.quanjing.weitu.app.ui.user.UserSquareActivity
ADDED from 全景Android App源码20141020:Weitu:unspecified:149:9
	android:label
		ADDED from 全景Android App源码20141020:Weitu:unspecified:151:13
	android:name
		ADDED from 全景Android App源码20141020:Weitu:unspecified:150:13
activity#com.quanjing.weitu.app.ui.common.MWTBase2Activity
ADDED from 全景Android App源码20141020:Weitu:unspecified:153:9
	android:label
		ADDED from 全景Android App源码20141020:Weitu:unspecified:155:13
	android:name
		ADDED from 全景Android App源码20141020:Weitu:unspecified:154:13
activity#com.quanjing.weitu.app.ui.found.MWTSubFoundActivity
ADDED from 全景Android App源码20141020:Weitu:unspecified:157:9
	android:label
		ADDED from 全景Android App源码20141020:Weitu:unspecified:159:13
	android:name
		ADDED from 全景Android App源码20141020:Weitu:unspecified:158:13
activity#com.quanjing.weitu.app.ui.user.MWTAvatarActivity
ADDED from 全景Android App源码20141020:Weitu:unspecified:161:9
	android:label
		ADDED from 全景Android App源码20141020:Weitu:unspecified:163:13
	android:name
		ADDED from 全景Android App源码20141020:Weitu:unspecified:162:13
activity#com.quanjing.weitu.app.ui.TestActivity
ADDED from 全景Android App源码20141020:Weitu:unspecified:165:9
	android:label
		ADDED from 全景Android App源码20141020:Weitu:unspecified:167:13
	android:name
		ADDED from 全景Android App源码20141020:Weitu:unspecified:166:13